Bluetooth-Communication/app/build/intermediates/manifest_merge_blame_file/debug/manifest-merger-blame-debug-report.txt
1<?xml version="1.0" encoding="utf-8"?>
2<manifest xmlns:android="http://schemas.android.com/apk/res/android"
3    package="com.example.user.bluetooth_communication"
4    android:versionCode="1"
5    android:versionName="1.0" >
6
7    <uses-sdk
8        android:minSdkVersion="15"
8-->src\main\AndroidManifest.xml
9        android:targetSdkVersion="29" />
9-->src\main\AndroidManifest.xml
10
11    <uses-feature android:name="android.hardware.bluetooth" />
11-->src\main\AndroidManifest.xml:7:5-63
11-->src\main\AndroidManifest.xml:7:19-60
12
13    <uses-permission android:name="android.permission.BLUETOOTH" />
13-->src\main\AndroidManifest.xml:8:5-68
13-->src\main\AndroidManifest.xml:8:22-65
14    <uses-permission android:name="android.permission.BLUETOOTH_ADMIN" />
14-->src\main\AndroidManifest.xml:9:5-74
14-->src\main\AndroidManifest.xml:9:22-71
15    <uses-permission android:name="android.permission.ACCESS_COARSE_LOCATION" />
15-->src\main\AndroidManifest.xml:10:5-81
15-->src\main\AndroidManifest.xml:10:22-78
16    <uses-permission android:name="android.permission.ACCESS_FINE_LOCATION" />
16-->src\main\AndroidManifest.xml:11:5-78
16-->src\main\AndroidManifest.xml:11:22-76
17    <uses-permission android:name="android.permission.BLUETOOTH_PRIVILEGED" />
17-->src\main\AndroidManifest.xml:12:5-13:47
17-->src\main\AndroidManifest.xml:12:22-76
18
19    <application
19-->src\main\AndroidManifest.xml:15:5-28:19
20        android:allowBackup="true"
20-->src\main\AndroidManifest.xml:16:9-35
21        android:appComponentFactory="androidx.core.app.CoreComponentFactory"
21-->[androidx.core:core:1.1.0] AndroidManifest.xml:24:18-86
22        android:debuggable="true"
23        android:icon="@mipmap/ic_launcher"
23-->src\main\AndroidManifest.xml:17:9-43
24        android:label="@string/app_name"
24-->src\main\AndroidManifest.xml:18:9-41
25        android:supportsRtl="true"
25-->src\main\AndroidManifest.xml:19:9-35
26        android:theme="@style/AppTheme" >
26-->src\main\AndroidManifest.xml:20:9-40
27        <activity android:name="com.example.user.bluetooth_communication.MainActivity" >
27-->src\main\AndroidManifest.xml:21:9-27:20
27-->src\main\AndroidManifest.xml:21:19-47
28            <intent-filter>
28-->src\main\AndroidManifest.xml:22:13-26:29
29                <action android:name="android.intent.action.MAIN" />
29-->src\main\AndroidManifest.xml:23:17-68
29-->src\main\AndroidManifest.xml:23:25-66
30
31                <category android:name="android.intent.category.LAUNCHER" />
31-->src\main\AndroidManifest.xml:25:17-76
31-->src\main\AndroidManifest.xml:25:27-74
32            </intent-filter>
33        </activity>
34    </application>
35
36</manifest>